[debug] [2025-08-01T06:43:34.372Z] ----------------------------------------------------------------------
[debug] [2025-08-01T06:43:34.385Z] Command:       C:\Program Files\nodejs\node.exe C:\Users\aqili\AppData\Roaming\npm\node_modules\firebase-tools\lib\bin\firebase.js init
[debug] [2025-08-01T06:43:34.385Z] CLI Version:   14.11.0
[debug] [2025-08-01T06:43:34.385Z] Platform:      win32
[debug] [2025-08-01T06:43:34.385Z] Node Version:  v22.15.0
[debug] [2025-08-01T06:43:34.386Z] Time:          Fri Aug 01 2025 14:43:34 GMT+0800 (Singapore Standard Time)
[debug] [2025-08-01T06:43:34.386Z] ----------------------------------------------------------------------
[debug] 
[debug] [2025-08-01T06:43:34.390Z] >>> [apiv2][query] GET https://firebase-public.firebaseio.com/cli.json [none]
[debug] [2025-08-01T06:43:34.691Z] > command requires scopes: ["email","openid","https://www.googleapis.com/auth/cloudplatformprojects.readonly","https://www.googleapis.com/auth/firebase","https://www.googleapis.com/auth/cloud-platform"]
[debug] [2025-08-01T06:43:34.691Z] > authorizing via signed-in user (aqiliazraqi@gmail.com)
[info] 
     ######## #### ########  ######## ########     ###     ######  ########
     ##        ##  ##     ## ##       ##     ##  ##   ##  ##       ##
     ######    ##  ########  ######   ########  #########  ######  ######
     ##        ##  ##    ##  ##       ##     ## ##     ##       ## ##
     ##       #### ##     ## ######## ########  ##     ##  ######  ########

You're about to initialize a Firebase project in this directory:

  C:\Users\aqili\source\repos\C300

Before we get started, keep in mind:

  * You are initializing within an existing Firebase project directory

[debug] [2025-08-01T06:43:35.166Z] <<< [apiv2][status] GET https://firebase-public.firebaseio.com/cli.json 200
[debug] [2025-08-01T06:43:35.166Z] <<< [apiv2][body] GET https://firebase-public.firebaseio.com/cli.json {"cloudBuildErrorAfter":1594252800000,"cloudBuildWarnAfter":1590019200000,"defaultNode10After":1594252800000,"minVersion":"3.0.5","node8DeploysDisabledAfter":1613390400000,"node8RuntimeDisabledAfter":1615809600000,"node8WarnAfter":1600128000000}
